1659762259469	geckodriver	INFO	Listening on 127.0.0.1:59845
1659762259926	mozrunner::runner	INFO	Running command: "/snap/firefox/current/firefox.launcher" "--marionette" "--remote-debugging-port" "45131" "--remote-allow-hosts" "localhost" "-no-remote" "-profile" "/tmp/rust_mozprofilek4LXf7"
Gtk-Message: 02:04:20.019: Failed to load module "canberra-gtk-module"
Gtk-Message: 02:04:20.020: Failed to load module "canberra-gtk-module"
ATTENTION: default value of option mesa_glthread overridden by environment.
ATTENTION: default value of option mesa_glthread overridden by environment.
1659762260687	Marionette	INFO	Marionette enabled
1659762260694	Marionette	INFO	Listening on port 46853
WebDriver BiDi listening on ws://localhost:45131
Read port: 46853
ATTENTION: default value of option mesa_glthread overridden by environment.
1659762260843	RemoteAgent	WARN	TLS certificate errors will be ignored for this session
console.warn: SearchSettings: "get: No settings file exists, new profile?" (new NotFoundError("Could not open the file at /tmp/rust_mozprofilek4LXf7/search.json.mozlz4", (void 0)))
Missing chrome or resource URL: resource://gre/modules/UpdateListener.jsm
Missing chrome or resource URL: resource://gre/modules/UpdateListener.sys.mjs
DevTools listening on ws://localhost:45131/devtools/browser/29798517-f719-4a91-940a-94c336e3368e
1659762267431	Marionette	INFO	Stopped listening on port 46853
Missing chrome or resource URL: resource://gre/modules/UpdateListener.jsm
Missing chrome or resource URL: resource://gre/modules/UpdateListener.sys.mjs
console.error: "Error during quit-application-granted: [Exception... \"File error: Not found\"  nsresult: \"0x80520012 (NS_ERROR_FILE_NOT_FOUND)\"  location: \"JS frame :: resource:///modules/BrowserGlue.jsm :: _onQuitApplicationGranted/tasks< :: line 2006\"  data: no]"
Sandbox: Unexpected EOF, op 0 flags 00 path /proc/cpuinfo
